1659252744928 POST /
1659252748647 GET /
1659252752538 GET /huk
1659253255645 GET /api/books
1659254381976 GET /
1659254401727 GET /api/books
1659257169617 POST /api/books/save?
1659257198933 POST /api/books/save?
1659257232283 POST /api/books/save?
1659257285113 POST /api/books/save?
1659257919207 GET /api/books/
1659257952808 GET /api/books/a5544978-3ed7-45ad-aea7-c7a1b484a392/download
1659257995927 GET /api/books/a5544978-3ed7-45ad-aea7-c7a1b484a392
1659258024853 GET /api/books/
1659258032299 GET /api/books/967dc5c8-1d38-422f-9688-aa5d924bf202
1659258044652 GET /api/books/967dc5c8-1d38-422f-9688-aa5d924bf202/download
1659258164914 GET /api/books
1659258175230 GET /api/books/9bb4cc6f-07be-45f1-a3b2-4de960b02b15
1659258188576 GET /api/books/9bb4cc6f-07be-45f1-a3b2-4de960b02b15/download
1659258199983 GET /api/books/9bb4cc6f-07be-45f1-a3b2-4de960b02b15/download
1659258442522 GET /api/books
1659258461142 GET /api/books/68d154fc-6a1b-43a4-ae03-f8670f2e2121/download
1659258545121 GET /api/books/
1659258556377 GET /api/books/49b73968-e65f-420e-81b6-79754ec1f96b/download
1659258613253 GET /api/books/49b73968-e65f-420e-81b6-79754ec1f96b/download
1659258613551 GET /favicon.ico
1659269735165 POST /api/books
1659269841438 GET /api/books
1659269867043 POST /api/books
1659269918535 GET /api/books/f6aadddb-a966-4c24-82fa-8e041bba0412/download
1659269967732 POST /api/books/
1659269997196 GET /api/books/be48228f-10a6-4c44-a10d-470b482c8254/download
1659270067847 POST /api/books/
1659270086840 GET /api/books/f3abe857-231c-49e3-8809-0c645fc69ba0/download
1659270121569 POST /api/books/f3abe857-231c-49e3-8809-0c645fc69ba0/download
1659270126121 POST /api/books/
1659270147817 POST /api/books/cb0717f3-db83-4340-a60a-918ce9346b5e/download
1659270159688 GET /api/books
1659270171890 GET /api/books/cb0717f3-db83-4340-a60a-918ce9346b5e/download
1659270197179 GET /api/books/cb0717f3-db83-4340-a60a-918ce9346b5e/download
1659270250845 POST /api/books
1659270254535 POST /api/books
1659270266615 GET /api/books
1659270278041 GET /api/books
1659270298418 GET /api/books/1607475b-ff4c-46ed-8c82-5eed731f565c/download
1659270364056 POST /api/books/
